#
# A fatal error has been detected by the Java Runtime Environment:
#
#  Internal Error (javaClasses.cpp:127), pid=4544, tid=5520
#  fatal error: Invalid layout of preloaded class
#
# JRE version:  (8.0_45-b14) (build )
# Java VM: Java HotSpot(TM) Client VM (25.45-b02 mixed mode windows-x86 )
# Failed to write core dump. Minidumps are not enabled by default on client versions of Windows
#
# If you would like to submit a bug report, please visit:
#   http://bugreport.java.com/bugreport/crash.jsp
#

---------------  T H R E A D  ---------------

Current thread (0x00dac400):  JavaThread "Unknown thread" [_thread_in_vm, id=5520, stack(0x01a30000,0x01a80000)]

Stack: [0x01a30000,0x01a80000],  sp=0x01a7f678,  free space=317k
Native frames: (J=compiled Java code, j=interpreted, Vv=VM code, C=native code)
V  [jvm.dll+0x1a4f8b]
V  [jvm.dll+0x19d846]
V  [jvm.dll+0x42269]
V  [jvm.dll+0x4241e]
V  [jvm.dll+0x5193e]
V  [jvm.dll+0xa86ae]
V  [jvm.dll+0xa8972]
V  [jvm.dll+0x154631]
V  [jvm.dll+0x17869b]
V  [jvm.dll+0xe51a1]
C  [javaw.exe+0x14d3]
C  [javaw.exe+0x2047]
C  [javaw.exe+0xadff]
C  [javaw.exe+0xae89]
C  [kernel32.dll+0x4ef1c]
C  [ntdll.dll+0x63648]
C  [ntdll.dll+0x6361b]
C  0x00000000


---------------  P R O C E S S  ---------------

Java Threads: ( => current thread )

Other Threads:

=>0x00dac400 (exited) JavaThread "Unknown thread" [_thread_in_vm, id=5520, stack(0x01a30000,0x01a80000)]

VM state:not at safepoint (not fully initialized)

VM Mutex/Monitor currently owned by a thread: None

GC Heap History (0 events):
No events

Deoptimization events (0 events):
No events

Internal exceptions (0 events):
No events

Events (10 events):
Event: 0.553 loading class java/lang/CharSequence done
Event: 0.553 loading class java/lang/String done
Event: 0.553 loading class java/lang/Class
Event: 0.553 loading class java/lang/reflect/AnnotatedElement
Event: 0.554 loading class java/lang/reflect/AnnotatedElement done
Event: 0.554 loading class java/lang/reflect/GenericDeclaration
Event: 0.564 loading class java/lang/reflect/GenericDeclaration done
Event: 0.564 loading class java/lang/reflect/Type
Event: 0.564 loading class java/lang/reflect/Type done
Event: 0.564 loading class java/lang/Class done


Dynamic libraries:
0x00de0000 - 0x00e13000 	C:\Program Files\Java\jre1.8.0_45\bin\javaw.exe
0x770a0000 - 0x771e2000 	C:\Windows\SYSTEM32\ntdll.dll
0x76ed0000 - 0x76fa5000 	C:\Windows\system32\kernel32.dll
0x751d0000 - 0x7521b000 	C:\Windows\system32\KERNELBASE.dll
0x75f20000 - 0x75fc1000 	C:\Windows\system32\ADVAPI32.dll
0x75c60000 - 0x75d0c000 	C:\Windows\system32\msvcrt.dll
0x75a10000 - 0x75a29000 	C:\Windows\SYSTEM32\sechost.dll
0x76c80000 - 0x76d22000 	C:\Windows\system32\RPCRT4.dll
0x75390000 - 0x75459000 	C:\Windows\system32\USER32.dll
0x75a40000 - 0x75a8e000 	C:\Windows\system32\GDI32.dll
0x771f0000 - 0x771fa000 	C:\Windows\system32\LPK.dll
0x75590000 - 0x7562d000 	C:\Windows\system32\USP10.dll
0x73f70000 - 0x7410e000 	C:\Windows\WinSxS\x86_microsoft.windows.common-controls_6595b64144ccf1df_6.0.7601.18837_none_41e855142bd5705d\COMCTL32.dll
0x75530000 - 0x75587000 	C:\Windows\system32\SHLWAPI.dll
0x772d0000 - 0x772ef000 	C:\Windows\system32\IMM32.DLL
0x75460000 - 0x7552c000 	C:\Windows\system32\MSCTF.dll
0x5b6b0000 - 0x5b76f000 	C:\Program Files\Java\jre1.8.0_45\bin\msvcr100.dll
0x6aa90000 - 0x6ae50000 	C:\Program Files\Java\jre1.8.0_45\bin\client\jvm.dll
0x6dff0000 - 0x6dff7000 	C:\Windows\system32\WSOCK32.dll
0x75630000 - 0x75665000 	C:\Windows\system32\WS2_32.dll
0x75a30000 - 0x75a36000 	C:\Windows\system32\NSI.dll
0x73420000 - 0x73452000 	C:\Windows\system32\WINMM.dll
0x74510000 - 0x74519000 	C:\Windows\system32\VERSION.dll
0x76c20000 - 0x76c25000 	C:\Windows\system32\PSAPI.DLL
0x73f60000 - 0x73f6c000 	C:\Program Files\Java\jre1.8.0_45\bin\verify.dll
0x72eb0000 - 0x72ed1000 	C:\Program Files\Java\jre1.8.0_45\bin\java.dll
0x73690000 - 0x736a3000 	C:\Program Files\Java\jre1.8.0_45\bin\zip.dll
0x5f260000 - 0x5f34b000 	C:\Windows\system32\dbghelp.dll

VM Arguments:
jvm_args: -Dfile.encoding=UTF-8 -Xbootclasspath:C:\Users\sense019\Downloads\adt-bundle-windows-x86-20130729\adt-bundle-windows-x86-20130729\sdk\platforms\android-18\android.jar 
java_command: com.test.Test
java_class_path (initial): C:\Users\sense019\workspace\MyJp\bin\classes;C:\Users\sense019\workspace\MyJp\libs\microlog4android-1.1.jar;C:\Users\sense019\workspace\MyJp\libs\android-support-v4.jar
Launcher Type: SUN_STANDARD

Environment Variables:
JAVA_HOME=C:\Program Files\Java\jdk1.8.0_40
CLASSPATH=D:\Microsoft JDBC Driver 4.1 for SQL Server\sqljdbc_4.1\jpn\sqljdbc41.jar;.;C:\Program Files\Java\jdk1.8.0_40\lib\dt.jar;C:\Program Files\Java\jdk1.8.0_40\lib\tools.jar;
PATH=C:/Program Files/Java/jre1.8.0_45/bin/client;C:/Program Files/Java/jre1.8.0_45/bin;C:/Program Files/Java/jre1.8.0_45/lib/i386;C:\ProgramData\Oracle\Java\javapath;C:\Program Files\Java\jdk1.8.0_40\bin;C:\Windows\system32;C:\Windows;C:\Windows\System32\Wbem;C:\Windows\System32\WindowsPowerShell\v1.0\;C:\Program Files\Microsoft SQL Server\80\Tools\Binn\;C:\Program Files\Microsoft SQL Server\100\Tools\Binn\;C:\Program Files\Microsoft SQL Server\100\DTS\Binn\;C:\Program Files\Microsoft SQL Server\100\Tools\Binn\VSShell\Common7\IDE\;C:\Program Files\Microsoft Visual Studio 9.0\Common7\IDE\PrivateAssemblies\;C:\Program Files\nodejs\;C:\Program Files\TortoiseSVN\bin;C:\Program Files\TortoiseGit\bin;C:\Program Files\Git\cmd;C:\Users\sense019\AppData\Roaming\npm;C:\Users\sense019\Downloads\adt-bundle-windows-x86-20130729\adt-bundle-windows-x86-20130729\eclipse;
USERNAME=sense019
OS=Windows_NT
PROCESSOR_IDENTIFIER=x86 Family 6 Model 23 Stepping 6, GenuineIntel



---------------  S Y S T E M  ---------------

OS: Windows 7 Build 7601 (6.1.7601.23392)

CPU:total 2 (2 cores per cpu, 1 threads per core) family 6 model 23 stepping 6, cmov, cx8, fxsr, mmx, sse, sse2, sse3, ssse3, sse4.1, tsc

Memory: 4k page, physical 1537336k(24988k free), swap 3222128k(254232k free)

vm_info: Java HotSpot(TM) Client VM (25.45-b02) for windows-x86 JRE (1.8.0_45-b14), built on Apr 10 2015 10:46:40 by "java_re" with MS VC++ 10.0 (VS2010)

time: Thu Sep 01 11:09:34 2016
elapsed time: 0 seconds (0d 0h 0m 0s)

